  main.cpp
  ofApp.cpp
  ray.cpp
  vector.cpp
C:\Users\LID0E\source\of_v0.12.0_vs_release\of_v0.12.0_vs_release\apps\myApps\RayTracing-A1\RayTracing-A1\src\vector.cpp(73,18): warning C4244: '=': conversion from 'float' to 'int', possible loss of data
C:\Users\LID0E\source\of_v0.12.0_vs_release\of_v0.12.0_vs_release\apps\myApps\RayTracing-A1\RayTracing-A1\src\vector.cpp(74,18): warning C4244: '=': conversion from 'float' to 'int', possible loss of data
C:\Users\LID0E\source\of_v0.12.0_vs_release\of_v0.12.0_vs_release\apps\myApps\RayTracing-A1\RayTracing-A1\src\vector.cpp(75,18): warning C4244: '=': conversion from 'float' to 'int', possible loss of data
C:\Users\LID0E\source\of_v0.12.0_vs_release\of_v0.12.0_vs_release\apps\myApps\RayTracing-A1\RayTracing-A1\src\vector.cpp(79,13): warning C4244: 'initializing': conversion from 'double' to 'float', possible loss of data
C:\Users\LID0E\source\of_v0.12.0_vs_release\of_v0.12.0_vs_release\libs\openFrameworks\math\ofMatrix4x4.h(326,20): warning C4267: 'argument': conversion from 'size_t' to 'int', possible loss of data (compiling source file src\main.cpp)
C:\Users\LID0E\source\of_v0.12.0_vs_release\of_v0.12.0_vs_release\libs\openFrameworks\math\ofMatrix4x4.h(331,20): warning C4267: 'argument': conversion from 'size_t' to 'int', possible loss of data (compiling source file src\main.cpp)
C:\Users\LID0E\source\of_v0.12.0_vs_release\of_v0.12.0_vs_release\libs\openFrameworks\math\ofMatrix4x4.h(912,11): warning C4267: 'argument': conversion from 'size_t' to 'int', possible loss of data (compiling source file src\main.cpp)
C:\Users\LID0E\source\of_v0.12.0_vs_release\of_v0.12.0_vs_release\libs\openFrameworks\math\ofMatrix4x4.h(913,11): warning C4267: 'argument': conversion from 'size_t' to 'int', possible loss of data (compiling source file src\main.cpp)
C:\Users\LID0E\source\of_v0.12.0_vs_release\of_v0.12.0_vs_release\libs\openFrameworks\math\ofMatrix4x4.h(914,11): warning C4267: 'argument': conversion from 'size_t' to 'int', possible loss of data (compiling source file src\main.cpp)
C:\Users\LID0E\source\of_v0.12.0_vs_release\of_v0.12.0_vs_release\libs\openFrameworks\math\ofMatrix4x4.h(915,11): warning C4267: 'argument': conversion from 'size_t' to 'int', possible loss of data (compiling source file src\main.cpp)
C:\Users\LID0E\source\of_v0.12.0_vs_release\of_v0.12.0_vs_release\libs\openFrameworks\math\ofMatrix4x4.h(326,20): warning C4267: 'argument': conversion from 'size_t' to 'int', possible loss of data (compiling source file src\ofApp.cpp)
C:\Users\LID0E\source\of_v0.12.0_vs_release\of_v0.12.0_vs_release\libs\openFrameworks\math\ofMatrix4x4.h(331,20): warning C4267: 'argument': conversion from 'size_t' to 'int', possible loss of data (compiling source file src\ofApp.cpp)
C:\Users\LID0E\source\of_v0.12.0_vs_release\of_v0.12.0_vs_release\libs\openFrameworks\math\ofMatrix4x4.h(912,11): warning C4267: 'argument': conversion from 'size_t' to 'int', possible loss of data (compiling source file src\ofApp.cpp)
C:\Users\LID0E\source\of_v0.12.0_vs_release\of_v0.12.0_vs_release\libs\openFrameworks\math\ofMatrix4x4.h(913,11): warning C4267: 'argument': conversion from 'size_t' to 'int', possible loss of data (compiling source file src\ofApp.cpp)
C:\Users\LID0E\source\of_v0.12.0_vs_release\of_v0.12.0_vs_release\libs\openFrameworks\math\ofMatrix4x4.h(914,11): warning C4267: 'argument': conversion from 'size_t' to 'int', possible loss of data (compiling source file src\ofApp.cpp)
C:\Users\LID0E\source\of_v0.12.0_vs_release\of_v0.12.0_vs_release\libs\openFrameworks\math\ofMatrix4x4.h(915,11): warning C4267: 'argument': conversion from 'size_t' to 'int', possible loss of data (compiling source file src\ofApp.cpp)
C:\Users\LID0E\source\of_v0.12.0_vs_release\of_v0.12.0_vs_release\apps\myApps\RayTracing-A1\RayTracing-A1\inc\globalSettings.h(7,1): warning C4005: 'INFINITE': macro redefinition (compiling source file src\ofApp.cpp)
C:\Program Files (x86)\Windows Kits\10\Include\10.0.22621.0\um\winbase.h(822,1): message : see previous definition of 'INFINITE' (compiling source file src\ofApp.cpp)
LINK : warning LNK4075: ignoring '/INCREMENTAL' due to '/FORCE' specification
  RayTracing-A1.vcxproj -> C:\Users\LID0E\source\of_v0.12.0_vs_release\of_v0.12.0_vs_release\apps\myApps\RayTracing-A1\RayTracing-A1\bin\RayTracing-A1_debug.exe
  
  	                   2	C:\Users\LID0E\source\of_v0.12.0_vs_release\of_v0.12.0_vs_release\libs\fmod\lib\vs\x64\
  	  *EXTRA File 		 6942208	C:\Users\LID0E\source\of_v0.12.0_vs_release\of_v0.12.0_vs_release\apps\myApps\RayTracing-A1\RayTracing-A1\bin\FreeImage.dll
  
  	                   1	C:\Users\LID0E\source\of_v0.12.0_vs_release\of_v0.12.0_vs_release\libs\FreeImage\lib\vs\x64\
  	  *EXTRA File 		 1826304	C:\Users\LID0E\source\of_v0.12.0_vs_release\of_v0.12.0_vs_release\apps\myApps\RayTracing-A1\RayTracing-A1\bin\fmod.dll
  	  *EXTRA File 		 2041856	C:\Users\LID0E\source\of_v0.12.0_vs_release\of_v0.12.0_vs_release\apps\myApps\RayTracing-A1\RayTracing-A1\bin\fmodL.dll
